<?xml version="1.0" encoding="UTF-8"?>
<testsuite xmlns:xsi="http://www.w3.org/2001/XMLSchema-instance" xsi:noNamespaceSchemaLocation="https://maven.apache.org/surefire/maven-surefire-plugin/xsd/surefire-test-report-3.0.xsd" version="3.0" name="io.quarkus.workshop.superheroes.fight.FightResourceTest" time="38.97" tests="7" errors="0" skipped="0" failures="0">
  <properties>
[...]
</properties>
  <testcase name="shouldGetInitialItems" classname="io.quarkus.workshop.superheroes.fight.FightResourceTest" time="3.623">
    <system-out><![CDATA[17:03:26 WARN  [io.qu.re.cl.re.de.RestClientReactiveProcessor] (build-15) Unsupported default scope {} provided for rest client {}. Defaulting to {}
17:03:26 WARN  [io.qu.re.cl.re.de.RestClientReactiveProcessor] (build-15) Unsupported default scope {} provided for rest client {}. Defaulting to {}
17:03:26 INFO  [or.te.do.DockerClientProviderStrategy] (build-27) Loaded org.testcontainers.dockerclient.NpipeSocketClientProviderStrategy from ~/.testcontainers.properties, will try it first
17:03:27 INFO  [io.qu.sm.de.processor] (build-20) Generating Jackson serializer for type io.quarkus.workshop.superheroes.fight.Fight
17:03:28 INFO  [or.te.do.DockerClientProviderStrategy] (build-27) Found Docker environment with local Npipe socket (npipe:////./pipe/docker_engine)
17:03:28 INFO  [or.te.DockerClientFactory] (build-27) Docker host IP address is localhost
17:03:28 INFO  [or.te.DockerClientFactory] (build-27) Connected to docker: 
  Server Version: 20.10.24
  API Version: 1.41
  Operating System: Docker Desktop
  Total Memory: 9874 MB
17:03:28 INFO  [or.te.ut.ImageNameSubstitutor] (build-27) Image name substitution will be performed by: DefaultImageNameSubstitutor (composite of 'ConfigurationFileImageNameSubstitutor' and 'PrefixingImageNameSubstitutor')
17:03:28 INFO  [or.te.DockerClientFactory] (build-27) Checking the system...
17:03:28 INFO  [or.te.DockerClientFactory] (build-27) ?? Docker server version should be at least 1.6.0
17:03:28 INFO  [do.io/postgres:14]] (build-27) Creating container for image: docker.io/postgres:14
17:03:28 INFO  [do.io.3.4]] (build-37) Creating container for image: docker.io/vectorized/redpanda:v22.3.4
17:03:29 INFO  [or.te.ut.RegistryAuthLocator] (build-27) Credential helper/store (docker-credential-desktop) does not have credentials for docker.io
17:03:29 WARN  [do.io/postgres:14]] (build-27) Reuse was requested but the environment does not support the reuse of containers
To enable reuse of containers, you must set 'testcontainers.reuse.enable=true' in a file located at C:\Users\benav\.testcontainers.properties
17:03:29 INFO  [do.3.4]] (build-27) Creating container for image: testcontainers/ryuk:0.3.4
17:03:29 INFO  [or.te.ut.RegistryAuthLocator] (build-27) Credential helper/store (docker-credential-desktop) does not have credentials for https://index.docker.io/v1/
17:03:30 INFO  [do.3.4]] (build-27) Container testcontainers/ryuk:0.3.4 is starting: 430301d4b9646b7ed72aefd857d9a89bb7cc0c19cff0fb4b6339511510cf2d05
17:03:31 INFO  [do.3.4]] (build-27) Container testcontainers/ryuk:0.3.4 started in PT1.7474059S
17:03:31 INFO  [do.io/postgres:14]] (build-27) Container docker.io/postgres:14 is starting: 8dc85e3b691a26fa306ef7fbabae38786a2a2eaa2f95782be2acd5354bd384d6
17:03:32 INFO  [do.io.3.4]] (build-37) Container docker.io/vectorized/redpanda:v22.3.4 is starting: 788a5763c52ac6ad067e8738aac4d7dd5a51e8a81fbd342a36b524aa4a4b4aee
17:03:36 INFO  [do.io.3.4]] (build-37) Container docker.io/vectorized/redpanda:v22.3.4 started in PT7.5846224S
17:03:36 INFO  [io.qu.ka.cl.de.DevServicesKafkaProcessor] (build-37) Dev Services for Kafka started. Other Quarkus applications in dev mode will find the broker automatically. For Quarkus applications in production mode, you can connect to this by starting your application with -Dkafka.bootstrap.servers=OUTSIDE://localhost:32776
17:03:37 INFO  [do.io/postgres:14]] (build-27) Container docker.io/postgres:14 started in PT8.7645725S
17:03:37 INFO  [io.qu.de.po.de.PostgresqlDevServicesProcessor] (build-27) Dev Services for PostgreSQL started.
17:03:37 INFO  [io.qu.da.de.de.DevServicesDatasourceProcessor] (build-27) Dev Services for the default datasource (postgresql) started - container ID is 8dc85e3b691a
17:03:42 WARN  [or.hi.en.jd.sp.SqlExceptionHelper] (JPA Startup Thread) SQL Warning Code: 0, SQLState: 00000
17:03:42 WARN  [or.hi.en.jd.sp.SqlExceptionHelper] (JPA Startup Thread) table "fight" does not exist, skipping
17:03:42 WARN  [or.hi.en.jd.sp.SqlExceptionHelper] (JPA Startup Thread) SQL Warning Code: 0, SQLState: 00000
17:03:42 WARN  [or.hi.en.jd.sp.SqlExceptionHelper] (JPA Startup Thread) table "myentity" does not exist, skipping
17:03:42 WARN  [or.hi.en.jd.sp.SqlExceptionHelper] (JPA Startup Thread) SQL Warning Code: 0, SQLState: 00000
17:03:42 WARN  [or.hi.en.jd.sp.SqlExceptionHelper] (JPA Startup Thread) sequence "fight_seq" does not exist, skipping
17:03:42 WARN  [or.hi.en.jd.sp.SqlExceptionHelper] (JPA Startup Thread) SQL Warning Code: 0, SQLState: 00000
17:03:42 WARN  [or.hi.en.jd.sp.SqlExceptionHelper] (JPA Startup Thread) sequence "myentity_seq" does not exist, skipping
17:03:42 INFO  [or.hi.to.sc.in.ex.GenerationTargetToDatabase] (JPA Startup Thread) HHH000476: Executing script 'file:/C:/Users/benav/quarkus/quarkus-super-heroes/rest-fights/target/classes/import.sql'
17:03:42 WARN  [or.hi.en.jd.sp.SqlExceptionHelper] (JPA Startup Thread) SQL Warning Code: 0, SQLState: 00000
17:03:42 WARN  [or.hi.en.jd.sp.SqlExceptionHelper] (JPA Startup Thread) sequence "hibernate_sequence" does not exist, skipping
17:03:43 INFO  [io.sm.re.me.kafka] (smallrye-kafka-producer-thread-0) SRMSG18258: Kafka producer kafka-producer-fights, connected to Kafka brokers 'OUTSIDE://localhost:32776', is configured to write records to 'fights'
17:03:43 INFO  [io.quarkus] (main) rest-fights 1.0.0-SNAPSHOT on JVM (powered by Quarkus 3.0.3.Final) started in 21.468s. Listening on: http://localhost:8081
17:03:43 INFO  [io.quarkus] (main) Profile test activated. 
17:03:43 INFO  [io.quarkus] (main) Installed features: [agroal, cdi, hibernate-orm, hibernate-orm-panache, hibernate-validator, jdbc-postgresql, kafka-client, narayana-jta, rest-client-reactive, rest-client-reactive-jackson, resteasy-reactive, resteasy-reactive-jackson, smallrye-context-propagation, smallrye-fault-tolerance, smallrye-openapi, smallrye-reactive-messaging, smallrye-reactive-messaging-kafka, swagger-ui, vertx]
]]></system-out>
  </testcase>
  <testcase name="shouldAddAnItem" classname="io.quarkus.workshop.superheroes.fight.FightResourceTest" time="2.33">
    <system-out><![CDATA[17:03:48 INFO  [io.qu.wo.su.fi.FightService] (executor-thread-1) Yes, Hero won :o)
]]></system-out>
  </testcase>
  <testcase name="shouldNotAddInvalidItem" classname="io.quarkus.workshop.superheroes.fight.FightResourceTest" time="0.091"/>
  <testcase name="testHelloEndpoint" classname="io.quarkus.workshop.superheroes.fight.FightResourceTest" time="0.024"/>
  <testcase name="shouldGetRandomFighters" classname="io.quarkus.workshop.superheroes.fight.FightResourceTest" time="0.07"/>
  <testcase name="shouldPingOpenAPI" classname="io.quarkus.workshop.superheroes.fight.FightResourceTest" time="0.195"/>
  <testcase name="shouldNotGetUnknownFight" classname="io.quarkus.workshop.superheroes.fight.FightResourceTest" time="0.041"/>
</testsuite>