<?xml version="1.0" encoding="UTF-8"?>
<testsuite xmlns:xsi="http://www.w3.org/2001/XMLSchema-instance" xsi:noNamespaceSchemaLocation="https://maven.apache.org/surefire/maven-surefire-plugin/xsd/surefire-test-report-3.0.xsd" version="3.0" name="io.quarkus.workshop.superheroes.hero.HeroResourceTest" time="52.325" tests="9" errors="0" skipped="0" failures="0">
  <properties>
[...]
</properties>
  <testcase name="shouldGetInitialItems" classname="io.quarkus.workshop.superheroes.hero.HeroResourceTest" time="3.668">
    <system-out><![CDATA[2023-06-11 17:01:28,213 INFO  [org.tes.doc.DockerClientProviderStrategy] (build-63) Loaded org.testcontainers.dockerclient.NpipeSocketClientProviderStrategy from ~/.testcontainers.properties, will try it first
2023-06-11 17:01:29,719 INFO  [org.tes.doc.DockerClientProviderStrategy] (build-63) Found Docker environment with local Npipe socket (npipe:////./pipe/docker_engine)
2023-06-11 17:01:29,721 INFO  [org.tes.DockerClientFactory] (build-63) Docker host IP address is localhost
2023-06-11 17:01:29,873 INFO  [org.tes.DockerClientFactory] (build-63) Connected to docker: 
  Server Version: 20.10.24
  API Version: 1.41
  Operating System: Docker Desktop
  Total Memory: 9874 MB
2023-06-11 17:01:29,889 INFO  [org.tes.uti.ImageNameSubstitutor] (build-63) Image name substitution will be performed by: DefaultImageNameSubstitutor (composite of 'ConfigurationFileImageNameSubstitutor' and 'PrefixingImageNameSubstitutor')
2023-06-11 17:01:31,216 INFO  [org.tes.uti.RegistryAuthLocator] (build-63) Credential helper/store (docker-credential-desktop) does not have credentials for index.docker.io
2023-06-11 17:01:39,263 INFO  [org.tes.DockerClientFactory] (build-63) Ryuk started - will monitor and terminate Testcontainers containers on JVM exit
2023-06-11 17:01:39,264 INFO  [org.tes.DockerClientFactory] (build-63) Checking the system...
2023-06-11 17:01:39,265 INFO  [org.tes.DockerClientFactory] (build-63) ?? Docker server version should be at least 1.6.0
2023-06-11 17:01:39,449 INFO  [org.tes.DockerClientFactory] (build-63) ?? Docker environment should have more than 2GB free disk space
2023-06-11 17:01:39,524 INFO  [doc.2]] (build-63) Creating container for image: postgres:13.2
2023-06-11 17:01:39,715 INFO  [doc.2]] (build-63) Starting container with ID: dcad250d0fac2b6d871ad1d800fb6e79c73806685787250ee4cf2f4c6f6a9690
2023-06-11 17:01:41,125 INFO  [doc.2]] (build-63) Container postgres:13.2 is starting: dcad250d0fac2b6d871ad1d800fb6e79c73806685787250ee4cf2f4c6f6a9690
2023-06-11 17:01:45,883 INFO  [doc.2]] (build-63) Container postgres:13.2 started in PT6.3966219S
2023-06-11 17:01:45,883 INFO  [io.qua.dev.pos.dep.PostgresqlDevServicesProcessor] (build-63) Dev Services for PostgreSQL started.
2023-06-11 17:01:45,887 INFO  [io.qua.dat.dep.dev.DevServicesDatasourceProcessor] (build-63) Dev Services for the default datasource (postgresql) started.
2023-06-11 17:01:52,769 INFO  [org.hib.rea.pro.imp.ReactiveIntegrator] (JPA Startup Thread: default-reactive) HR000001: Hibernate Reactive Preview
2023-06-11 17:01:53,986 WARN  [io.ver.sql.imp.SocketConnectionBase] (vert.x-eventloop-thread-0) Backend notice: severity='NOTICE', code='00000', message='table "hero" does not exist, skipping', detail='null', hint='null', position='null', internalPosition='null', internalQuery='null', where='null', file='tablecmds.c', line='1217', routine='DropErrorMsgNonExistent', schema='null', table='null', column='null', dataType='null', constraint='null'
2023-06-11 17:01:54,034 WARN  [io.ver.sql.imp.SocketConnectionBase] (vert.x-eventloop-thread-0) Backend notice: severity='NOTICE', code='00000', message='sequence "hibernate_sequence" does not exist, skipping', detail='null', hint='null', position='null', internalPosition='null', internalQuery='null', where='null', file='tablecmds.c', line='1217', routine='DropErrorMsgNonExistent', schema='null', table='null', column='null', dataType='null', constraint='null'
2023-06-11 17:01:54,426 WARN  [io.ver.sql.imp.SocketConnectionBase] (vert.x-eventloop-thread-0) Backend notice: severity='NOTICE', code='00000', message='table "hero" does not exist, skipping', detail='null', hint='null', position='null', internalPosition='null', internalQuery='null', where='null', file='tablecmds.c', line='1217', routine='DropErrorMsgNonExistent', schema='null', table='null', column='null', dataType='null', constraint='null'
2023-06-11 17:01:54,434 WARN  [io.ver.sql.imp.SocketConnectionBase] (vert.x-eventloop-thread-0) Backend notice: severity='NOTICE', code='00000', message='sequence "hibernate_sequence" does not exist, skipping', detail='null', hint='null', position='null', internalPosition='null', internalQuery='null', where='null', file='tablecmds.c', line='1217', routine='DropErrorMsgNonExistent', schema='null', table='null', column='null', dataType='null', constraint='null'
2023-06-11 17:02:01,231 INFO  [io.quarkus] (main) Quarkus 2.3.0.Final on JVM started in 43.364s. Listening on: http://localhost:8081
2023-06-11 17:02:01,233 INFO  [io.quarkus] (main) Profile test activated. 
2023-06-11 17:02:01,233 INFO  [io.quarkus] (main) Installed features: [cdi, hibernate-orm, hibernate-reactive, hibernate-reactive-panache, hibernate-validator, kubernetes, micrometer, reactive-pg-client, resteasy-reactive, resteasy-reactive-jackson, smallrye-context-propagation, smallrye-health, smallrye-openapi, swagger-ui, vertx]
]]></system-out>
  </testcase>
  <testcase name="shouldAddAnItem" classname="io.quarkus.workshop.superheroes.hero.HeroResourceTest" time="2.094"/>
  <testcase name="shouldUpdateAnItem" classname="io.quarkus.workshop.superheroes.hero.HeroResourceTest" time="0.353"/>
  <testcase name="shouldRemoveAnItem" classname="io.quarkus.workshop.superheroes.hero.HeroResourceTest" time="0.305"/>
  <testcase name="shouldGetRandomHero" classname="io.quarkus.workshop.superheroes.hero.HeroResourceTest" time="0.039"/>
  <testcase name="shouldNotAddInvalidItem" classname="io.quarkus.workshop.superheroes.hero.HeroResourceTest" time="0.055"/>
  <testcase name="shouldNotGetUnknownHero" classname="io.quarkus.workshop.superheroes.hero.HeroResourceTest" time="0.037"/>
  <testcase name="testHelloEndpoint" classname="io.quarkus.workshop.superheroes.hero.HeroResourceTest" time="0.029"/>
  <testcase name="shouldPingOpenAPI" classname="io.quarkus.workshop.superheroes.hero.HeroResourceTest" time="0.144"/>
</testsuite>